<?xml version="1.0" encoding="UTF-8"?>
<!-- Generated by org.testng.reporters.JUnitXMLReporter -->
<testsuite hostname="AbhiBindu" ignored="0" name="Stock Item Test Cases" tests="5" failures="0" timestamp="19 Oct 2021 03:10:36 GMT" time="47.278" errors="0">
  <testcase name="TC6_Verify_admin_is_able_to_access_StockItems_page" time="1.214" classname="TESTNGDEMO.StockIT"/>
  <testcase name="TC_7_stkad" time="4.865" classname="TESTNGDEMO.StockIT"/>
  <testcase name="TC_8_Seacrhsat" time="2.994" classname="TESTNGDEMO.StockIT"/>
  <testcase name="TC_2" time="3.786" classname="TESTNGDEMO.LOGInPG"/>
  <testcase name="TC_3" time="5.66" classname="TESTNGDEMO.LOGInPG"/>
</testsuite> <!-- Stock Item Test Cases -->
