<?xml version="1.0" encoding="UTF-8"?>
<!-- Generated by org.testng.reporters.JUnitXMLReporter -->
<testsuite hostname="AbhiBindu" ignored="0" name="Testing Parameterization" tests="3" failures="0" timestamp="19 Oct 2021 03:55:12 GMT" time="9.1" errors="0">
  <testcase name="testCaseOne" time="2.361" classname="TESTNGDEMO.parameter"/>
  <testcase name="testlaunch" time="4.838" classname="TESTNGDEMO.parameter"/>
  <testcase name="testlaunch" time="1.866" classname="TESTNGDEMO.parameter"/>
</testsuite> <!-- Testing Parameterization -->
