<?xml version="1.0" encoding="UTF-8"?>
<testng-results skipped="0" failed="0" ignored="0" total="2" passed="2">
  <reporter-output>
  </reporter-output>
  <suite name="Default suite" duration-ms="23832" started-at="2021-10-23T06:36:14Z" finished-at="2021-10-23T06:36:37Z">
    <groups>
    </groups>
    <test name="Default test" duration-ms="23832" started-at="2021-10-23T06:36:14Z" finished-at="2021-10-23T06:36:37Z">
      <class name="TESTNGDEMO.LOGInPG">
        <test-method status="PASS" signature="TC_1()[pri:0, instance:TESTNGDEMO.LOGInPG@39aeed2f]" name="TC_1" is-config="true" duration-ms="5619" started-at="2021-10-23T06:36:14Z" finished-at="2021-10-23T06:36:19Z">
          <reporter-output>
          </reporter-output>
        </test-method> <!-- TC_1 -->
        <test-method status="PASS" signature="TC_2()[pri:0, instance:TESTNGDEMO.LOGInPG@39aeed2f]" name="TC_2" duration-ms="4087" started-at="2021-10-23T06:36:19Z" finished-at="2021-10-23T06:36:23Z">
          <reporter-output>
          </reporter-output>
        </test-method> <!-- TC_2 -->
        <test-method status="PASS" signature="TC_4()[pri:0, instance:TESTNGDEMO.LOGInPG@39aeed2f]" name="TC_4" is-config="true" duration-ms="1116" started-at="2021-10-23T06:36:23Z" finished-at="2021-10-23T06:36:24Z">
          <reporter-output>
          </reporter-output>
        </test-method> <!-- TC_4 -->
        <test-method status="PASS" signature="TC_1()[pri:0, instance:TESTNGDEMO.LOGInPG@39aeed2f]" name="TC_1" is-config="true" duration-ms="6465" started-at="2021-10-23T06:36:24Z" finished-at="2021-10-23T06:36:31Z">
          <reporter-output>
          </reporter-output>
        </test-method> <!-- TC_1 -->
        <test-method status="PASS" signature="TC_3()[pri:0, instance:TESTNGDEMO.LOGInPG@39aeed2f]" name="TC_3" duration-ms="5473" started-at="2021-10-23T06:36:31Z" finished-at="2021-10-23T06:36:36Z">
          <reporter-output>
          </reporter-output>
        </test-method> <!-- TC_3 -->
        <test-method status="PASS" signature="TC_4()[pri:0, instance:TESTNGDEMO.LOGInPG@39aeed2f]" name="TC_4" is-config="true" duration-ms="1050" started-at="2021-10-23T06:36:36Z" finished-at="2021-10-23T06:36:37Z">
          <reporter-output>
          </reporter-output>
        </test-method> <!-- TC_4 -->
      </class> <!-- TESTNGDEMO.LOGInPG -->
    </test> <!-- Default test -->
  </suite> <!-- Default suite -->
</testng-results>
